# JRE version: OpenJDK Runtime Environment Temurin-21.0.8+9 (21.0.8+9) (build 21.0.8+9-LTS)
# Java VM: OpenJDK 64-Bit Server VM Temurin-21.0.8+9 (21.0.8+9-LTS, mixed mode, sharing, tiered, compressed oops, compressed class ptrs, parallel gc, windows-amd64)
GC Precious Log:
 CardTable entry size: 512
 CPUs: 20 total, 20 available
 Memory: 40651M
 Large Page Support: Disabled
 NUMA Support: Disabled
 Compressed Oops: Enabled (32-bit)
 Alignments: Space 512K, Generation 512K, Heap 2M
 Heap Min Capacity: 100M
 Heap Initial Capacity: 100M
 Heap Max Capacity: 2G
 Pre-touch: Disabled
 Parallel Workers: 15
Heap:
 PSYoungGen      total 20992K, used 18157K [0x00000000d5580000, 0x00000000d6c80000, 0x0000000100000000)
  eden space 19456K, 87% used [0x00000000d5580000,0x00000000d661a130,0x00000000d6880000)
  from space 1536K, 75% used [0x00000000d6880000,0x00000000d69a1420,0x00000000d6a00000)
  to   space 2048K, 0% used [0x00000000d6a80000,0x00000000d6a80000,0x00000000d6c80000)
 ParOldGen       total 68608K, used 29617K [0x0000000080000000, 0x0000000084300000, 0x00000000d5580000)
  object space 68608K, 43% used [0x0000000080000000,0x0000000081cec5f8,0x0000000084300000)
 Metaspace       used 55041K, committed 56448K, reserved 1114112K
  class space    used 6086K, committed 6656K, reserved 1048576K
GC Heap History (20 events):
Event: 19.078 GC heap before
{Heap before GC invocations=14 (full 1):
 PSYoungGen      total 23040K, used 14031K [0x00000000d5580000, 0x00000000d7000000, 0x0000000100000000)
  eden space 22016K, 59% used [0x00000000d5580000,0x00000000d6243eb0,0x00000000d6b00000)
  from space 1024K, 93% used [0x00000000d6f00000,0x00000000d6ff0000,0x00000000d7000000)
  to   space 1536K, 0% used [0x00000000d6d00000,0x00000000d6d00000,0x00000000d6e80000)
 ParOldGen       total 68608K, used 16641K [0x0000000080000000, 0x0000000084300000, 0x00000000d5580000)
  object space 68608K, 24% used [0x0000000080000000,0x00000000810404c8,0x0000000084300000)
 Metaspace       used 34700K, committed 35840K, reserved 1114112K
  class space    used 3598K, committed 4096K, reserved 1048576K
}
Event: 19.080 GC heap after
{Heap after GC invocations=14 (full 1):
 PSYoungGen      total 23552K, used 1265K [0x00000000d5580000, 0x00000000d6f80000, 0x0000000100000000)
  eden space 22016K, 0% used [0x00000000d5580000,0x00000000d5580000,0x00000000d6b00000)
  from space 1536K, 82% used [0x00000000d6d00000,0x00000000d6e3c5b8,0x00000000d6e80000)
  to   space 1024K, 0% used [0x00000000d6e80000,0x00000000d6e80000,0x00000000d6f80000)
 ParOldGen       total 68608K, used 17416K [0x0000000080000000, 0x0000000084300000, 0x00000000d5580000)
  object space 68608K, 25% used [0x0000000080000000,0x0000000081102240,0x0000000084300000)
 Metaspace       used 34700K, committed 35840K, reserved 1114112K
  class space    used 3598K, committed 4096K, reserved 1048576K
}
Event: 19.080 GC heap before
{Heap before GC invocations=15 (full 2):
 PSYoungGen      total 23552K, used 1265K [0x00000000d5580000, 0x00000000d6f80000, 0x0000000100000000)
  eden space 22016K, 0% used [0x00000000d5580000,0x00000000d5580000,0x00000000d6b00000)
  from space 1536K, 82% used [0x00000000d6d00000,0x00000000d6e3c5b8,0x00000000d6e80000)
  to   space 1024K, 0% used [0x00000000d6e80000,0x00000000d6e80000,0x00000000d6f80000)
 ParOldGen       total 68608K, used 17416K [0x0000000080000000, 0x0000000084300000, 0x00000000d5580000)
  object space 68608K, 25% used [0x0000000080000000,0x0000000081102240,0x0000000084300000)
 Metaspace       used 34700K, committed 35840K, reserved 1114112K
  class space    used 3598K, committed 4096K, reserved 1048576K
}
Event: 19.108 GC heap after
{Heap after GC invocations=15 (full 2):
 PSYoungGen      total 23552K, used 0K [0x00000000d5580000, 0x00000000d6f80000, 0x0000000100000000)
  eden space 22016K, 0% used [0x00000000d5580000,0x00000000d5580000,0x00000000d6b00000)
  from space 1536K, 0% used [0x00000000d6d00000,0x00000000d6d00000,0x00000000d6e80000)
  to   space 1024K, 0% used [0x00000000d6e80000,0x00000000d6e80000,0x00000000d6f80000)
 ParOldGen       total 68608K, used 17691K [0x0000000080000000, 0x0000000084300000, 0x00000000d5580000)
  object space 68608K, 25% used [0x0000000080000000,0x0000000081146cc0,0x0000000084300000)
 Metaspace       used 34700K, committed 35840K, reserved 1114112K
  class space    used 3598K, committed 4096K, reserved 1048576K
}
Event: 19.290 GC heap before
{Heap before GC invocations=16 (full 2):
 PSYoungGen      total 23552K, used 22016K [0x00000000d5580000, 0x00000000d6f80000, 0x0000000100000000)
  eden space 22016K, 100% used [0x00000000d5580000,0x00000000d6b00000,0x00000000d6b00000)
  from space 1536K, 0% used [0x00000000d6d00000,0x00000000d6d00000,0x00000000d6e80000)
  to   space 1024K, 0% used [0x00000000d6e80000,0x00000000d6e80000,0x00000000d6f80000)
 ParOldGen       total 68608K, used 17691K [0x0000000080000000, 0x0000000084300000, 0x00000000d5580000)
  object space 68608K, 25% used [0x0000000080000000,0x0000000081146cc0,0x0000000084300000)
 Metaspace       used 37429K, committed 38592K, reserved 1114112K
  class space    used 3899K, committed 4416K, reserved 1048576K
}
Event: 19.293 GC heap after
{Heap after GC invocations=16 (full 2):
 PSYoungGen      total 21504K, used 1024K [0x00000000d5580000, 0x00000000d7500000, 0x0000000100000000)
  eden space 20480K, 0% used [0x00000000d5580000,0x00000000d5580000,0x00000000d6980000)
  from space 1024K, 100% used [0x00000000d6e80000,0x00000000d6f80000,0x00000000d6f80000)
  to   space 5120K, 0% used [0x00000000d6980000,0x00000000d6980000,0x00000000d6e80000)
 ParOldGen       total 68608K, used 20874K [0x0000000080000000, 0x0000000084300000, 0x00000000d5580000)
  object space 68608K, 30% used [0x0000000080000000,0x00000000814629e8,0x0000000084300000)
 Metaspace       used 37429K, committed 38592K, reserved 1114112K
  class space    used 3899K, committed 4416K, reserved 1048576K
}
Event: 19.464 GC heap before
{Heap before GC invocations=17 (full 2):
 PSYoungGen      total 21504K, used 21488K [0x00000000d5580000, 0x00000000d7500000, 0x0000000100000000)
  eden space 20480K, 99% used [0x00000000d5580000,0x00000000d697c060,0x00000000d6980000)
  from space 1024K, 100% used [0x00000000d6e80000,0x00000000d6f80000,0x00000000d6f80000)
  to   space 5120K, 0% used [0x00000000d6980000,0x00000000d6980000,0x00000000d6e80000)
 ParOldGen       total 68608K, used 20874K [0x0000000080000000, 0x0000000084300000, 0x00000000d5580000)
  object space 68608K, 30% used [0x0000000080000000,0x00000000814629e8,0x0000000084300000)
 Metaspace       used 39843K, committed 40960K, reserved 1114112K
  class space    used 4199K, committed 4672K, reserved 1048576K
}
Event: 19.465 GC heap after
{Heap after GC invocations=17 (full 2):
 PSYoungGen      total 22528K, used 1826K [0x00000000d5580000, 0x00000000d6f80000, 0x0000000100000000)
  eden space 20480K, 0% used [0x00000000d5580000,0x00000000d5580000,0x00000000d6980000)
  from space 2048K, 89% used [0x00000000d6980000,0x00000000d6b48a10,0x00000000d6b80000)
  to   space 3072K, 0% used [0x00000000d6c80000,0x00000000d6c80000,0x00000000d6f80000)
 ParOldGen       total 68608K, used 21647K [0x0000000080000000, 0x0000000084300000, 0x00000000d5580000)
  object space 68608K, 31% used [0x0000000080000000,0x0000000081523f18,0x0000000084300000)
 Metaspace       used 39843K, committed 40960K, reserved 1114112K
  class space    used 4199K, committed 4672K, reserved 1048576K
}
Event: 19.611 GC heap before
{Heap before GC invocations=18 (full 2):
 PSYoungGen      total 22528K, used 22306K [0x00000000d5580000, 0x00000000d6f80000, 0x0000000100000000)
  eden space 20480K, 100% used [0x00000000d5580000,0x00000000d6980000,0x00000000d6980000)
  from space 2048K, 89% used [0x00000000d6980000,0x00000000d6b48a10,0x00000000d6b80000)
  to   space 3072K, 0% used [0x00000000d6c80000,0x00000000d6c80000,0x00000000d6f80000)
 ParOldGen       total 68608K, used 21647K [0x0000000080000000, 0x0000000084300000, 0x00000000d5580000)
  object space 68608K, 31% used [0x0000000080000000,0x0000000081523f38,0x0000000084300000)
 Metaspace       used 42614K, committed 43776K, reserved 1114112K
  class space    used 4556K, committed 5056K, reserved 1048576K
}
Event: 19.613 GC heap after
{Heap after GC invocations=18 (full 2):
 PSYoungGen      total 22016K, used 1088K [0x00000000d5580000, 0x00000000d6e00000, 0x0000000100000000)
  eden space 20480K, 0% used [0x00000000d5580000,0x00000000d5580000,0x00000000d6980000)
  from space 1536K, 70% used [0x00000000d6c80000,0x00000000d6d90000,0x00000000d6e00000)
  to   space 1536K, 0% used [0x00000000d6b00000,0x00000000d6b00000,0x00000000d6c80000)
 ParOldGen       total 68608K, used 23140K [0x0000000080000000, 0x0000000084300000, 0x00000000d5580000)
  object space 68608K, 33% used [0x0000000080000000,0x0000000081699290,0x0000000084300000)
 Metaspace       used 42614K, committed 43776K, reserved 1114112K
  class space    used 4556K, committed 5056K, reserved 1048576K
}
Event: 19.959 GC heap before
{Heap before GC invocations=19 (full 2):
 PSYoungGen      total 22016K, used 21568K [0x00000000d5580000, 0x00000000d6e00000, 0x0000000100000000)
  eden space 20480K, 100% used [0x00000000d5580000,0x00000000d6980000,0x00000000d6980000)
  from space 1536K, 70% used [0x00000000d6c80000,0x00000000d6d90000,0x00000000d6e00000)
  to   space 1536K, 0% used [0x00000000d6b00000,0x00000000d6b00000,0x00000000d6c80000)
 ParOldGen       total 68608K, used 23142K [0x0000000080000000, 0x0000000084300000, 0x00000000d5580000)
  object space 68608K, 33% used [0x0000000080000000,0x0000000081699a70,0x0000000084300000)
 Metaspace       used 45267K, committed 46528K, reserved 1114112K
  class space    used 4877K, committed 5440K, reserved 1048576K
}
Event: 19.960 GC heap after
{Heap after GC invocations=19 (full 2):
 PSYoungGen      total 22016K, used 1520K [0x00000000d5580000, 0x00000000d6e80000, 0x0000000100000000)
  eden space 20480K, 0% used [0x00000000d5580000,0x00000000d5580000,0x00000000d6980000)
  from space 1536K, 98% used [0x00000000d6b00000,0x00000000d6c7c010,0x00000000d6c80000)
  to   space 2048K, 0% used [0x00000000d6c80000,0x00000000d6c80000,0x00000000d6e80000)
 ParOldGen       total 68608K, used 23918K [0x0000000080000000, 0x0000000084300000, 0x00000000d5580000)
  object space 68608K, 34% used [0x0000000080000000,0x000000008175ba80,0x0000000084300000)
 Metaspace       used 45267K, committed 46528K, reserved 1114112K
  class space    used 4877K, committed 5440K, reserved 1048576K
}
Event: 20.235 GC heap before
{Heap before GC invocations=20 (full 2):
 PSYoungGen      total 22016K, used 22000K [0x00000000d5580000, 0x00000000d6e80000, 0x0000000100000000)
  eden space 20480K, 100% used [0x00000000d5580000,0x00000000d6980000,0x00000000d6980000)
  from space 1536K, 98% used [0x00000000d6b00000,0x00000000d6c7c010,0x00000000d6c80000)
  to   space 2048K, 0% used [0x00000000d6c80000,0x00000000d6c80000,0x00000000d6e80000)
 ParOldGen       total 68608K, used 23918K [0x0000000080000000, 0x0000000084300000, 0x00000000d5580000)
  object space 68608K, 34% used [0x0000000080000000,0x000000008175ba80,0x0000000084300000)
 Metaspace       used 47647K, committed 48832K, reserved 1114112K
  class space    used 5199K, committed 5760K, reserved 1048576K
}
Event: 20.236 GC heap after
{Heap after GC invocations=20 (full 2):
 PSYoungGen      total 22528K, used 1600K [0x00000000d5580000, 0x00000000d6e80000, 0x0000000100000000)
  eden space 20480K, 0% used [0x00000000d5580000,0x00000000d5580000,0x00000000d6980000)
  from space 2048K, 78% used [0x00000000d6c80000,0x00000000d6e10000,0x00000000d6e80000)
  to   space 2048K, 0% used [0x00000000d6a80000,0x00000000d6a80000,0x00000000d6c80000)
 ParOldGen       total 68608K, used 25201K [0x0000000080000000, 0x0000000084300000, 0x00000000d5580000)
  object space 68608K, 36% used [0x0000000080000000,0x000000008189c7a0,0x0000000084300000)
 Metaspace       used 47647K, committed 48832K, reserved 1114112K
  class space    used 5199K, committed 5760K, reserved 1048576K
}
Event: 20.670 GC heap before
{Heap before GC invocations=21 (full 2):
 PSYoungGen      total 22528K, used 22080K [0x00000000d5580000, 0x00000000d6e80000, 0x0000000100000000)
  eden space 20480K, 100% used [0x00000000d5580000,0x00000000d6980000,0x00000000d6980000)
  from space 2048K, 78% used [0x00000000d6c80000,0x00000000d6e10000,0x00000000d6e80000)
  to   space 2048K, 0% used [0x00000000d6a80000,0x00000000d6a80000,0x00000000d6c80000)
 ParOldGen       total 68608K, used 25201K [0x0000000080000000, 0x0000000084300000, 0x00000000d5580000)
  object space 68608K, 36% used [0x0000000080000000,0x000000008189c7a0,0x0000000084300000)
 Metaspace       used 49711K, committed 50880K, reserved 1114112K
  class space    used 5450K, committed 5952K, reserved 1048576K
}
Event: 20.672 GC heap after
{Heap after GC invocations=21 (full 2):
 PSYoungGen      total 22016K, used 1360K [0x00000000d5580000, 0x00000000d6d00000, 0x0000000100000000)
  eden space 20480K, 0% used [0x00000000d5580000,0x00000000d5580000,0x00000000d6980000)
  from space 1536K, 88% used [0x00000000d6a80000,0x00000000d6bd4020,0x00000000d6c00000)
  to   space 1024K, 0% used [0x00000000d6c00000,0x00000000d6c00000,0x00000000d6d00000)
 ParOldGen       total 68608K, used 26433K [0x0000000080000000, 0x0000000084300000, 0x00000000d5580000)
  object space 68608K, 38% used [0x0000000080000000,0x00000000819d07c0,0x0000000084300000)
 Metaspace       used 49711K, committed 50880K, reserved 1114112K
  class space    used 5450K, committed 5952K, reserved 1048576K
}
Event: 21.099 GC heap before
{Heap before GC invocations=22 (full 2):
 PSYoungGen      total 22016K, used 21840K [0x00000000d5580000, 0x00000000d6d00000, 0x0000000100000000)
  eden space 20480K, 100% used [0x00000000d5580000,0x00000000d6980000,0x00000000d6980000)
  from space 1536K, 88% used [0x00000000d6a80000,0x00000000d6bd4020,0x00000000d6c00000)
  to   space 1024K, 0% used [0x00000000d6c00000,0x00000000d6c00000,0x00000000d6d00000)
 ParOldGen       total 68608K, used 26433K [0x0000000080000000, 0x0000000084300000, 0x00000000d5580000)
  object space 68608K, 38% used [0x0000000080000000,0x00000000819d07c0,0x0000000084300000)
 Metaspace       used 51949K, committed 53248K, reserved 1114112K
  class space    used 5749K, committed 6336K, reserved 1048576K
}
Event: 21.101 GC heap after
{Heap after GC invocations=22 (full 2):
 PSYoungGen      total 20480K, used 1008K [0x00000000d5580000, 0x00000000d7080000, 0x0000000100000000)
  eden space 19456K, 0% used [0x00000000d5580000,0x00000000d5580000,0x00000000d6880000)
  from space 1024K, 98% used [0x00000000d6c00000,0x00000000d6cfc020,0x00000000d6d00000)
  to   space 3584K, 0% used [0x00000000d6880000,0x00000000d6880000,0x00000000d6c00000)
 ParOldGen       total 68608K, used 28599K [0x0000000080000000, 0x0000000084300000, 0x00000000d5580000)
  object space 68608K, 41% used [0x0000000080000000,0x0000000081bedff0,0x0000000084300000)
 Metaspace       used 51949K, committed 53248K, reserved 1114112K
  class space    used 5749K, committed 6336K, reserved 1048576K
}
Event: 21.428 GC heap before
{Heap before GC invocations=23 (full 2):
 PSYoungGen      total 20480K, used 20464K [0x00000000d5580000, 0x00000000d7080000, 0x0000000100000000)
  eden space 19456K, 100% used [0x00000000d5580000,0x00000000d6880000,0x00000000d6880000)
  from space 1024K, 98% used [0x00000000d6c00000,0x00000000d6cfc020,0x00000000d6d00000)
  to   space 3584K, 0% used [0x00000000d6880000,0x00000000d6880000,0x00000000d6c00000)
 ParOldGen       total 68608K, used 28599K [0x0000000080000000, 0x0000000084300000, 0x00000000d5580000)
  object space 68608K, 41% used [0x0000000080000000,0x0000000081bedff0,0x0000000084300000)
 Metaspace       used 53228K, committed 54528K, reserved 1114112K
  class space    used 5879K, committed 6464K, reserved 1048576K
}
Event: 21.429 GC heap after
{Heap after GC invocations=23 (full 2):
 PSYoungGen      total 20992K, used 1157K [0x00000000d5580000, 0x00000000d6c80000, 0x0000000100000000)
  eden space 19456K, 0% used [0x00000000d5580000,0x00000000d5580000,0x00000000d6880000)
  from space 1536K, 75% used [0x00000000d6880000,0x00000000d69a1420,0x00000000d6a00000)
  to   space 2048K, 0% used [0x00000000d6a80000,0x00000000d6a80000,0x00000000d6c80000)
 ParOldGen       total 68608K, used 29617K [0x0000000080000000, 0x0000000084300000, 0x00000000d5580000)
  object space 68608K, 43% used [0x0000000080000000,0x0000000081cec5f8,0x0000000084300000)
 Metaspace       used 53228K, committed 54528K, reserved 1114112K
  class space    used 5879K, committed 6464K, reserved 1048576K
}

